0.0527344 
0.449219 
0.895508 
0.00195313 
0.90918 
0.0292969 
0.0292969 
0.797852 
0.955078 
0.0703125 
0.898438 
0.0625 
0.802734 
0.922852 
0.956055 
0.0449219 
0.902344 
0.933594 
0.460938 
0.930664 
0.0117188 
0.0986328 
0.0332031 
0.950195 
0.00683594 
0.296875 
0.109375 
0.958984 
0.00292969 
0.974609 
0.9375 
0.0214844 
0.333984 
0.0693359 
0.0664063 
0.0078125 
0.0136719 
0.0615234 
0.947266 
0.00683594 
0.714844 
0.958008 
0.0263672 
0.857422 
0.93457 
0.947266 
0.90918 
0.932617 
0.913086 
0.00488281 
0.0332031 
0.87207 
0.0166016 
0.942383 
0.0410156 
0.00488281 
0.196289 
0.946289 
0.00976563 
0.00976563 
0.0214844 
0.103516 
0.851563 
0.72168 
0.0351563 
0.0273438 
0.868164 
0.0400391 
0.046875 
0.0400391 
0.00390625 
0.889648 
0.0537109 
0.958984 
0.907227 
0.976563 
0.206055 
0.015625 
0.881836 
0.0478516 
0.0488281 
0.927734 
0.919922 
0.0263672 
0.955078 
0.916016 
0.821289 
0.00292969 
0.0332031 
0.196289 
0.00585938 
0.904297 
0.0761719 
0.939453 
0.870117 
0.958984 
0.917969 
0.00292969 
0 
0.0585938 
0.938477 
0.216797 
0.836914 
0.00488281 
0.912109 
0.889648 
0.0126953 
0.851563 
0.886719 
0.948242 
0.943359 
0.00195313 
0.955078 
0.916992 
0.0253906 
0.0849609 
0.831055 
0.967773 
0.00585938 
0.614258 
0.0830078 
0.0751953 
0.955078 
0.135742 
0.966797 
0.927734 
0.916992 
0.00878906 
0.884766 
0.932617 
0.0703125 
0.00292969 
0.00683594 
0.00683594 
0.928711 
0.00585938 
0.00878906 
0.874023 
0.0371094 
0.974609 
0.00195313 
0.0371094 
0.774414 
0.847656 
0.0146484 
0.0585938 
0.0488281 
0.0253906 
0.03125 
0.0205078 
0.980469 
0.868164 
0.00390625 
0.0917969 
0.941406 
0.870117 
0.0683594 
0.918945 
0.0419922 
0.929688 
0.884766 
0.861328 
0.0126953 
0.943359 
0.962891 
0.0361328 
0.219727 
0.895508 
0.799805 
0.928711 
0.00292969 
0.00292969 
0.0419922 
0.0322266 
0.9375 
0.898438 
0.943359 
0.00878906 
0.947266 
0.779297 
0.0292969 
0.00976563 
0.0478516 
0.931641 
0.0673828 
0.135742 
0.931641 
0.964844 
0.0166016 
0.960938 
0.172852 
0.015625 
0.0302734 
0.884766 
0.0107422 
0.817383 
0.939453 
0.0351563 
0.834961 
0.046875 
0.0556641 
0.0224609 
0.0673828 
0.901367 
0.8125 
0.0341797 
0.953125 
0.134766 
0.889648 
0.932617 
0.00585938 
0.577148 
0.884766 
0.00195313 
0.746094 
0.0654297 
0.15332 
0.00878906 
0.0820313 
0.0292969 
0.946289 
0.855469 
0.00488281 
0.0107422 
0.841797 
0.974609 
0.132813 
0.0966797 
0.874023 
0.959961 
0.900391 
0.966797 
0.0195313 
0.00585938 
0.879883 
0.863281 
0.0537109 
0.0761719 
0.429688 
0.0078125 
0.987305 
0.115234 
0.0292969 
0.00195313 
0.00878906 
0.984375 
0.0322266 
0.00878906 
0.00878906 
0.0126953 
0.950195 
0.938477 
0.946289 
0.0292969 
0.923828 
0.973633 
0.984375 
0.119141 
0.8125 
0.96582 
0.0517578 
0.969727 
0.287109 
0.876953 
0.137695 
0.928711 
0.0166016 
0.130859 
0.0126953 
0.958984 
0.926758 
0.0146484 
0.779297 
0.847656 
0.0117188 
0.00195313 
0.0410156 
0.00195313 
0.919922 
0.951172 
0.0390625 
0.932617 
0.0380859 
0.384766 
0.879883 
0.956055 
0.0283203 
0.00976563 
0.932617 
0.0136719 
0.96875 
0.00292969 
0.886719 
0.897461 
0.87207 
0.100586 
0.8125 
0.849609 
0.0341797 
0.0703125 
0.0605469 
0.00292969 
0.955078 
0.807617 
0.96875 
0.0390625 
0.897461 
0.911133 
0.904297 
0.901367 
0.00976563 
0.826172 
0.0107422 
0.936523 
0.189453 
0.0380859 
0.0166016 
0.980469 
0.206055 
0.900391 
0.00683594 
0.891602 
0.957031 
0.851563 
0.888672 
0.0117188 
0.891602 
0.00292969 
0.962891 
0.0361328 
0.970703 
0.0205078 
0.746094 
0.0117188 
0.883789 
0.50293 
0.0507813 
0.949219 
0.0078125 
0.0644531 
0.974609 
0.94043 
0.947266 
0.94043 
0.313477 
0.911133 
0.015625 
0.628906 
0.919922 
0.916016 
0.883789 
0.96582 
0.980469 
0.908203 
0.015625 
0.886719 
0.0205078 
0.863281 
0.24707 
0.931641 
0.870117 
0.919922 
0.853516 
0.970703 
0.925781 
0.0566406 
0.932617 
0.897461 
0.94043 
0.0585938 
0.950195 
0.0732422 
0.00585938 
0.913086 
0.960938 
0.855469 
0.834961 
0.993164 
0.883789 
0.0214844 
0.0224609 
0.106445 
0.802734 
0.0644531 
0.949219 
0.973633 
0.0126953 
0.853516 
0.00390625 
0.0078125 
0.947266 
0.0791016 
0.921875 
0.147461 
0.964844 
0.0332031 
0.847656 
0.861328 
0.930664 
0.859375 
0.958984 
0.688477 
0.0146484 
0.09375 
0.868164 
0.00195313 
0.0253906 
0.918945 
0.964844 
0.0244141 
0.0869141 
0.982422 
0.917969 
0.0673828 
0.901367 
0.0322266 
0.0117188 
0.0380859 
0.0371094 
0.900391 
0.881836 
0.953125 
0.0195313 
0.00683594 
0.117188 
0.015625 
0.790039 
0.902344 
0.242188 
0.0224609 
0.958984 
0.984375 
0.0126953 
0.0146484 
0.924805 
0.313477 
0.901367 
0.0117188 
0.0224609 
0.0625 
0.0224609 
0.799805 
0.952148 
0.421875 
0.90918 
0.0322266 
0.921875 
0.959961 
0.366211 
0.821289 
0.943359 
0.794922 
0.00585938 
0.914063 
0 
0.888672 
0.577148 
0.00195313 
0.277344 
0.972656 
0.969727 
0.119141 
0.384766 
0.0126953 
0.0517578 
0.933594 
0.425781 
0.952148 
0.0166016 
0.00683594 
0.0273438 
0.0302734 
0.206055 
0.90918 
0.151367 
0.797852 
0.0976563 
0.00292969 
0.135742 
0.814453 
0.895508 
0.985352 
0.12207 
0.00976563 
0.128906 
0.00390625 
0.957031 
0.0654297 
0.828125 
0.930664 
0.0185547 
0.863281 
0.00195313 
0.870117 
0.957031 
0.814453 
0.0791016 
0.00195313 
0.149414 
0.834961 
0.0078125 
0.939453 
0.0449219 
0.931641 
0.974609 
0.0146484 
0.00878906 
0.711914 
0.00195313 
0.802734 
0.0078125 
0.928711 
0.177734 
0.00585938 
0.855469 
0.943359 
0.884766 
0.969727 
0.961914 
0.046875 
0.891602 
0.0146484 
0.0253906 
0.00976563 
0.724609 
0.164063 
0.917969 
0.0371094 
0.0078125 
0.961914 
0.00390625 
0.0332031 
0.914063 
0.109375 
0.0244141 
0.0507813 
0.00390625 
0.919922 
0.0644531 
0.00390625 
0.838867 
0.886719 
0.0146484 
0.94043 
0.0214844 
0.959961 
0.194336 
0.962891 
0.0224609 
0.0107422 
0.00292969 
0.797852 
0.00878906 
0.851563 
0.782227 
0.0078125 
0.0878906 
0.922852 
0.0107422 
0.957031 
0.0166016 
0.15332 
0.0136719 
0.785156 
0.928711 
0.678711 
0.00195313 
0.211914 
0.00585938 
0.120117 
0.172852 
0.96875 
0.0410156 
0.0302734 
0.981445 
0.0283203 
0.0136719 
0.891602 
0.861328 
0.0214844 
0.296875 
0.0214844 
0.863281 
0.962891 
0.855469 
0.84375 
0.905273 
0.941406 
0.739258 
0.975586 
0.00976563 
0.87207 
0.0205078 
0.00488281 
0.145508 
0.875 
0.97168 
0.96582 
0.897461 
0.979492 
0.0126953 
0.930664 
0.957031 
0.802734 
0.900391 
0.826172 
0.137695 
0.913086 
0.0820313 
0.0107422 
0.0527344 
0.0292969 
0.0253906 
0.916992 
0.00976563 
0.015625 
0.974609 
0.0810547 
0.857422 
0.883789 
0.595703 
0.0380859 
0.946289 
0.0107422 
0.898438 
0.18457 
0.897461 
0.265625 
0.0615234 
0.00488281 
0.976563 
0.807617 
0.942383 
0.931641 
0.838867 
0.914063 
0.961914 
0.931641 
0.980469 
0.0371094 
0.889648 
0.000976563 
0.0683594 
0.00488281 
0.939453 
0.00390625 
0.771484 
0.0380859 
0.80957 
0.981445 
0.947266 
0.936523 
0.114258 
0.0117188 
0.944336 
0.814453 
0.878906 
0.00488281 
0.0791016 
0.0146484 
0.00292969 
0.912109 
0.0322266 
0.110352 
0.00488281 
0.00390625 
0.0214844 
0.917969 
0.0146484 
0.0244141 
0.838867 
0.814453 
0.855469 
0.00878906 
0.970703 
0.797852 
0.824219 
0.510742 
0.771484 
0.0253906 
0.015625 
0.935547 
0.00488281 
0.0078125 
0.0117188 
0.9375 
0.886719 
0.0234375 
0.244141 
0.00390625 
0.104492 
0.130859 
0.894531 
0.107422 
0.819336 
0.0341797 
0.946289 
0.0400391 
0.861328 
0.015625 
0.845703 
0.0478516 
0.912109 
0.0810547 
0.917969 
0.901367 
0.0244141 
0.0166016 
0.918945 
0.875 
0.632813 
0.945313 
0.0400391 
0.149414 
0.0634766 
0.355469 
0.976563 
0.0976563 
0.881836 
0.0322266 
0.0244141 
0.0371094 
0.0078125 
0.103516 
0.917969 
0.916992 
0.00585938 
0.953125 
0.303711 
0.902344 
0 
0.00683594 
0.103516 
0.00390625 
0.973633 
0.0488281 
0.973633 
0.961914 
0.952148 
0.824219 
0.908203 
0.93457 
0.913086 
0.213867 
0.955078 
0.932617 
0.109375 
0.933594 
0.892578 
0.84375 
0.916016 
0.0898438 
0.0136719 
0.0566406 
0.960938 
0.000976563 
0.0175781 
0.901367 
0.94043 
0.00683594 
0.959961 
0.964844 
0.324219 
0.0732422 
0.00878906 
0.00683594 
0.0527344 
0.155273 
0.799805 
0.00292969 
0.921875 
0.296875 
0.28125 
0.924805 
0.922852 
0.000976563 
0.924805 
0.0400391 
0.00683594 
0.00488281 
0.884766 
0.0761719 
0.921875 
0.0332031 
0.884766 
0.0244141 
0.967773 
0.00585938 
0.303711 
0.449219 
0.0332031 
0.911133 
0.0205078 
0.917969 
0.0458984 
0.00390625 
0.0214844 
0.0244141 
0.931641 
0.884766 
0.859375 
0.0146484 
0.838867 
0.911133 
0.948242 
0.0136719 
0.959961 
0.922852 
0.926758 
0.954102 
0.969727 
0.916992 
0.988281 
0.0361328 
0.847656 
0.951172 
0.907227 
0.00878906 
0.90918 
0.950195 
0.794922 
0.0126953 
0.959961 
0.900391 
0.0585938 
0.0126953 
0.00585938 
0.919922 
0.967773 
0.174805 
0.00390625 
0.0419922 
0.911133 
0.000976563 
0.107422 
0.0185547 
0.0126953 
0.0078125 
0.702148 
0.0166016 
0.00390625 
0.981445 
0.333984 
0.0371094 
0.819336 
0.0117188 
0.0898438 
0.905273 
0.947266 
0.993164 
0.916992 
0.0205078 
0.922852 
0.952148 
0.0410156 
0.0195313 
0.0107422 
0.898438 
0.0107422 
0.957031 
0.956055 
0.833008 
0.000976563 
0.0380859 
0.859375 
0.00292969 
0.942383 
0.0244141 
0.945313 
0.0683594 
0.0488281 
0.958008 
0.881836 
0.0292969 
0.894531 
0.929688 
0.00292969 
0.0664063 
0.0224609 
0.0214844 
0.0429688 
0.981445 
0.0380859 
0.927734 
0.894531 
0.0175781 
0.00976563 
0.944336 
0.897461 
0.03125 
0.015625 
0.974609 
0.864258 
0.00195313 
0.101563 
0.147461 
0.230469 
0.0244141 
0.0126953 
0.00585938 
0.25293 
0.0224609 
0.015625 
0.946289 
0.0126953 
0.884766 
0.942383 
0.918945 
0.891602 
0.00195313 
0.974609 
0.891602 
0.961914 
0.0107422 
0.0664063 
0.912109 
0.00585938 
0.962891 
0.875 
0.00683594 
0.00390625 
0.97168 
0.9375 
0.00488281 
0.935547 
0.0419922 
0.636719 
0.0175781 
0.00683594 
0.0732422 
0.851563 
0.901367 
0.0683594 
0.0869141 
0.985352 
0.969727 
0.0546875 
0.904297 
0.919922 
0.00976563 
0.960938 
0.0732422 
0.841797 
0.973633 
0.868164 
0.0136719 
0.942383 
0.838867 
0.916992 
0.948242 
0.935547 
0.0253906 
0.157227 
0.0292969 
0.826172 
0.892578 
0.922852 
0.84375 
0.888672 
0.0498047 
0.883789 
0.0458984 
0.0322266 
0.0556641 
0.916016 
0.991211 
0.0107422 
0.0458984 
0.97168 
0.000976563 
0.0107422 
0.952148 
0.541992 
0.0107422 
0.953125 
0.0849609 
0.746094 
0.943359 
0.918945 
0.0078125 
0.964844 
0.0605469 
0.0244141 
0.0878906 
0.875 
0.0322266 
0.804688 
0.00976563 
0.0136719 
0.881836 
0.0146484 
0.912109 
0.00585938 
0.00585938 
0.960938 
0.0117188 
0.942383 
0.0205078 
0.125 
0.826172 
0.0761719 
0.0380859 
0.739258 
0.194336 
0.0117188 
0.916016 
0.204102 
0.015625 
0.0419922 
0.117188 
0 
0.942383 
0.130859 
0.916016 
0.917969 
0.897461 
0.236328 
0.943359 
0.874023 
0.046875 
0.925781 
0.821289 
0.875 
0.25 
0.922852 
0.978516 
0.0107422 
0.0986328 
0.90918 
0.894531 
0.0908203 
0.0507813 
0.0185547 
0.00390625 
0.194336 
0.0625 
0.0410156 
0.0205078 
0.927734 
0.0371094 
0.00292969 
0.859375 
0.946289 
0.888672 
0.0859375 
0.00488281 
0.736328 
0.03125 
0.09375 
0.114258 
0.838867 
0.472656 
0.0341797 
0.141602 
0.000976563 
0.00585938 
0.953125 
0.907227 
0.969727 
0.0302734 
0.97168 
0.0107422 
0.000976563 
0.894531 
0.119141 
0.0605469 
0.908203 
0.5 
0.942383 
0.0253906 
0.94043 
0.00292969 
0.851563 
0.0585938 
0.972656 
0.876953 
0.0175781 
0.983398 
0.926758 
0.90918 
0.917969 
0.181641 
0.0263672 
0.884766 
0.0429688 
0.348633 
0.868164 
0.0224609 
0.0361328 
0.925781 
0.950195 
0.930664 
0.395508 
0.0644531 
0.179688 
0.87207 
0.0292969 
0.901367 
0.201172 
0.0253906 
0.433594 
0.913086 
0.861328 
0.958008 
0.930664 
0.943359 
0.863281 
0.157227 
0.933594 
0.977539 
0.845703 
0.0400391 
0.0253906 
0.928711 
0.943359 
0.0224609 
0.974609 
0.28418 
0.0263672 
0.944336 
0.00976563 
0.866211 
0.0107422 
0.916016 
0.015625 
0.00976563 
0.826172 
0.0078125 
0.939453 
0.785156 
0.00390625 
0.782227 
0.0917969 
0.0263672 
0.25293 
0.900391 
0.0332031 
0.015625 
0 
0.0712891 
0.0820313 
0.151367 
0.918945 
0.883789 
0.268555 
0.117188 
0.00292969 
0.958008 
0.0878906 
0.0273438 
0.895508 
0.000976563 
0.00390625 
0.00195313 
0.0517578 
0.863281 
0.0390625 
0.0292969 
0.914063 
0.0537109 
0.015625 
0.919922 
0.00390625 
0.948242 
0.921875 
0.933594 
0.845703 
0.878906 
0.879883 
0.130859 
0.0244141 
0.00976563 
0.603516 
0.00585938 
0.0126953 
0.00585938 
0.0117188 
0.00195313 
0.488281 
0.897461 
0.00292969 
0.0683594 
0.973633 
0.366211 
0.901367 
0.577148 
0.931641 
0.960938 
0.4375 
0.293945 
0.904297 
0.792969 
0.0400391 
0.924805 
0.977539 
0.973633 
0.00390625 
0.979492 
0.922852 
0.929688 
0.109375 
0.327148 
0.953125 
0.799805 
0.199219 
0.0224609 
0.0205078 
0.923828 
0.239258 
0.974609 
0.0732422 
0.00195313 
0.545898 
0.914063 
0.0205078 
0.97168 
0.847656 
0.636719 
0.933594 
0.141602 
0.306641 
0.8125 
0.944336 
0.0654297 
0.00195313 
0.00390625 
0.0859375 
0.942383 
0.857422 
0.0351563 
0.00195313 
0.160156 
0.935547 
0.0371094 
0.908203 
0.911133 
0.908203 
0.894531 
0.128906 
0.96582 
0.870117 
0.0664063 
0.00292969 
0.958008 
0.0107422 
0.902344 
0.155273 
0.0302734 
0.0341797 
0.857422 
0.924805 
0.00878906 
0.950195 
0.930664 
0.916016 
0.932617 
0.0234375 
0.902344 
0.851563 
0.0253906 
0.0341797 
0.0429688 
0.942383 
0.0634766 
0.892578 
0.87207 
0.0371094 
0.199219 
0.000976563 
0.0322266 
0.0166016 
0.919922 
0.958984 
0.898438 
0.00878906 
0.90918 
0.0517578 
0.985352 
0.792969 
0.0117188 
0.00878906 
0.923828 
0.949219 
0.804688 
0.831055 
0.756836 
0.0380859 
0.931641 
0.0517578 
0.914063 
0.0556641 
0.0400391 
0.914063 
0.918945 
0.926758 
0.87207 
0.93457 
0.938477 
0.0849609 
0.918945 
0.931641 
0.110352 
0.944336 
0.00683594 
0.0585938 
0.878906 
0.988281 
0.0673828 
0.0205078 
0.164063 
0.0546875 
0.0253906 
0.0830078 
0.015625 
0.927734 
0.889648 
0.922852 
0.874023 
0.00292969 
0.00390625 
0.974609 
0.714844 
0.845703 
0.897461 
0.0859375 
0.00195313 
0.814453 
0.00976563 
0.87207 
0.93457 
0.916992 
0.0283203 
0.135742 
0.0302734 
0.0146484 
0.841797 
0.395508 
0.00585938 
0.847656 
0.0126953 
0.947266 
0.967773 
0.0126953 
0.919922 
0.952148 
0.0195313 
0.888672 
0.929688 
0.0175781 
0.817383 
0.0214844 
0.957031 
0.333984 
0.962891 
0.101563 
0.969727 
0.0244141 
0.876953 
0.96582 
0.00488281 
0.0644531 
0.0107422 
0.0273438 
0.000976563 
0.960938 
0.0517578 
0.0078125 
0.0488281 
0.00488281 
0.0107422 
0.958008 
0.00683594 
0.0751953 
0.0126953 
0.000976563 
0.5 
0.0332031 
0.945313 
0.00585938 
0.0146484 
0.00976563 
0.978516 
0.0107422 
0.177734 
0.0546875 
0.908203 
0.0693359 
0.00683594 
0.895508 
0.982422 
0.917969 
0.966797 
0.901367 
0.879883 
0.991211 
0.0205078 
0.978516 
0.0869141 
0.24707 
0.978516 
0.967773 
0.103516 
0.969727 
0.874023 
0.191406 
0.955078 
0.0498047 
0.0332031 
0.0820313 
0.0117188 
0.0195313 
0.0078125 
0.804688 
0.0078125 
0.271484 
0.0644531 
0.370117 
0.0253906 
0.00292969 
0.879883 
0.894531 
0.236328 
0.00585938 
0.00390625 
0.00390625 
0.826172 
0.0302734 
0.923828 
0.977539 
0.0517578 
0.0351563 
0.0625 
0.0078125 
0.977539 
0.0214844 
0.00683594 
0.00683594 
0.0332031 
0.776367 
0.0654297 
0.692383 
0.954102 
0.983398 
0.310547 
0.918945 
0.00878906 
0.868164 
0.0322266 
0.0771484 
0.56543 
0.0361328 
0.0078125 
0.0166016 
0.931641 
0.351563 
0.894531 
0.866211 
0.603516 
0.925781 
0.0693359 
0.0771484 
0.0966797 
0.119141 
0.18457 
0.0664063 
0.0615234 
0.96875 
0.0859375 
0.0166016 
0.952148 
0.916016 
0.876953 
0.0292969 
0.919922 
0.938477 
0.831055 
0.841797 
0.0683594 
0.0478516 
0.931641 
0.936523 
0.857422 
0.015625 
0.864258 
0.00976563 
0.000976563 
0.0986328 
0.953125 
0.000976563 
0.983398 
0.985352 
0.826172 
0.00976563 
0.898438 
0.874023 
0.00585938 
0.0751953 
0.901367 
0.410156 
0.0283203 
0.888672 
0.0078125 
0.924805 
0.100586 
0.894531 
0.787109 
0.00976563 
0.0146484 
0.900391 
0.93457 
0.0302734 
0.980469 
0.0117188 
0.87207 
0.926758 
0.0078125 
0.962891 
0.855469 
0.0244141 
0.908203 
0.914063 
0.699219 
0.990234 
0.993164 
0.162109 
0.987305 
0.946289 
0.9375 
0.807617 
0.959961 
0.785156 
0.126953 
0.838867 
0.0175781 
0.958984 
0.84375 
0.977539 
0.929688 
0.917969 
0.892578 
0.0253906 
0.907227 
0.0644531 
0.768555 
0.09375 
0.863281 
0.972656 
0.0830078 
0.15332 
0.776367 
0.0224609 
0.883789 
0.901367 
0.000976563 
0.0576172 
0.819336 
0.93457 
0.838867 
0.929688 
0.399414 
0.0878906 
0.00878906 
0.0234375 
0.0166016 
0.746094 
0.00195313 
0.976563 
0.00195313 
0.84375 
0.233398 
0.935547 
0.836914 
0.891602 
0.931641 
0.831055 
0.0478516 
0.870117 
0.15332 
0.961914 
0.0283203 
0.908203 
0.941406 
0.916992 
0.00683594 
0.814453 
0.172852 
0.982422 
0.0742188 
0.739258 
0.00195313 
0.964844 
0.0439453 
0.927734 
0.62207 
0.0117188 
0.0361328 
0.895508 
0.00976563 
0.0175781 
0.00292969 
0.908203 
0.00195313 
0.00683594 
0.0830078 
0.0214844 
0.510742 
0.828125 
0.889648 
0.936523 
0.900391 
0.181641 
0.0185547 
0.881836 
0.0351563 
0.951172 
0.00390625 
0.845703 
0.0253906 
0.00683594 
0.09375 
0.917969 
0.984375 
0.196289 
0.0585938 
0.930664 
0.0566406 
0.643555 
0.00390625 
0.845703 
0.0126953 
0.0136719 
0.0205078 
0.849609 
0.943359 
0.0898438 
0.0302734 
0.954102 
0.927734 
0.894531 
0.00390625 
0.0791016 
0.0986328 
0.333984 
0.0126953 
0.833008 
0.0371094 
0.973633 
0.942383 
0.293945 
0.943359 
0.876953 
0.935547 
0.90918 
0.980469 
0.759766 
0.956055 
0.0126953 
0.972656 
0.955078 
0.145508 
0.331055 
0.947266 
0.876953 
0.522461 
0.908203 
0.557617 
0.015625 
0.80957 
0.139648 
0.0185547 
0.00683594 
0.015625 
0.946289 
0.908203 
0.0400391 
0.861328 
0 
0.0732422 
0.956055 
0.946289 
0.749023 
0.0869141 
0.00683594 
0.992188 
0.914063 
0.927734 
0.921875 
0.975586 
0.0302734 
0.93457 
0.0664063 
0.941406 
0.902344 
0.0410156 
0.0791016 
0.923828 
0.84375 
0.892578 
0.902344 
0.000976563 
0.0449219 
0.0419922 
0.970703 
0.912109 
0.891602 
0.950195 
0.0693359 
0.0859375 
0.174805 
0.03125 
0.00488281 
0.902344 
0.351563 
0.0273438 
0.0859375 
0.853516 
0.135742 
0.0136719 
0.881836 
0.453125 
0.0527344 
0.904297 
0.0341797 
0.561523 
0.00195313 
0.913086 
0.987305 
0.0449219 
0.914063 
0.947266 
0.125 
0.898438 
0.00683594 
0.0253906 
0.650391 
0.80957 
0.914063 
0.000976563 
0.0371094 
0.953125 
0.891602 
0.0625 
0.0439453 
0.892578 
0.015625 
0.0166016 
0.0292969 
0.908203 
0.0439453 
0.296875 
0.797852 
0.0419922 
0.945313 
0.000976563 
0.895508 
0.991211 
0.911133 
0.0302734 
0.464844 
0.942383 
0.0273438 
0.0107422 
0.0253906 
0.000976563 
0.0683594 
0.977539 
0.0625 
0.957031 
0.0117188 
0.665039 
0.0166016 
0.348633 
0.962891 
0.0224609 
0.888672 
0.0322266 
0.0517578 
0.974609 
0.776367 
0.96875 
0.0302734 
0.046875 
0.907227 
0.0380859 
0.0654297 
0.970703 
0.986328 
0.876953 
0.853516 
0.924805 
0.923828 
0.891602 
0.139648 
0.0341797 
0 
0.0859375 
0.104492 
0.969727 
0.918945 
0.849609 
0.864258 
0.953125 
0.985352 
0.831055 
0.0205078 
0.0625 
0.0507813 
0.0683594 
0.794922 
0.883789 
0.0107422 
0.891602 
0.0078125 
0.0292969 
0.881836 
0.847656 
0.0380859 
0.00976563 
0.911133 
0.0107422 
0.0419922 
0.897461 
0.938477 
0.0820313 
0.961914 
0.0361328 
0.015625 
0.981445 
0.0761719 
0.853516 
0.956055 
0.0791016 
0.924805 
0.0146484 
0.900391 
0.0615234 
0.206055 
0.00976563 
0.0292969 
0.96875 
0.0126953 
0.00292969 
0.911133 
0.924805 
0.103516 
0.0742188 
0.0244141 
0.00878906 
0.00292969 
0.863281 
0.908203 
0.0361328 
0.94043 
0.0517578 
0.0371094 
0.00488281 
0.938477 
0.759766 
0.00390625 
0.948242 
0.695313 
0.0078125 
0.0292969 
0.946289 
0.994141 
0.941406 
0.00585938 
0.942383 
0.901367 
0.0419922 
0.943359 
0.0136719 
0.164063 
0.913086 
0.838867 
0.905273 
0.0332031 
0.370117 
0.911133 
0.12207 
0.0488281 
0.0205078 
0.925781 
0.355469 
0.942383 
0.277344 
0.595703 
0.0390625 
0.0263672 
0.0126953 
0.125 
0.957031 
0.977539 
0.0195313 
0.993164 
0.814453 
0 
0.00292969 
0.834961 
0.103516 
0.938477 
0.947266 
0.00488281 
0.00878906 
0.00292969 
0.970703 
0.0253906 
0.0244141 
0.0332031 
0.916992 
0.618164 
0.0380859 
0.00390625 
0.0380859 
0.0722656 
0 
0.00585938 
0.0361328 
0.936523 
0.912109 
0.0117188 
0.892578 
0.00976563 
0.917969 
0.864258 
0.895508 
0.0449219 
0.0126953 
0.00292969 
0.134766 
0.900391 
0.00878906 
0.0175781 
0.00292969 
0.00195313 
0.914063 
0.0126953 
0.974609 
0.00878906 
0.927734 
0.0166016 
0.929688 
0.0146484 
0.956055 
0.109375 
0.831055 
0.932617 
0.0341797 
0.0507813 
0.80957 
0.838867 
0.891602 
0.964844 
0.0146484 
0.0537109 
0.00292969 
0.93457 
0.787109 
0.874023 
0.157227 
0.975586 
0.958008 
0.973633 
0.849609 
0.916016 
0.942383 
0.0263672 
0.833008 
0.0244141 
0.526367 
0.337891 
0.0302734 
0.952148 
0.836914 
0.00195313 
0.0498047 
0.0126953 
0.914063 
0.983398 
0.847656 
0.132813 
0.0644531 
0.00390625 
0.0078125 
0.110352 
0.87207 
0.0498047 
0.0078125 
0.643555 
0.982422 
0.94043 
0.0136719 
0.0693359 
0.0214844 
0.00292969 
0.904297 
0.859375 
0.00976563 
0.00488281 
0.986328 
0.0302734 
0.0244141 
0.0273438 
0.00683594 
0.913086 
0.918945 
0.115234 
0.980469 
0.855469 
0.978516 
0.213867 
0.930664 
0.0517578 
0.950195 
0.132813 
0.929688 
0.954102 
0.0283203 
0.0488281 
0.962891 
0.0859375 
0.0205078 
0.0107422 
0.0419922 
0.787109 
0.949219 
0.864258 
0.0380859 
0.847656 
0.964844 
0.841797 
0.126953 
0.891602 
0.953125 
0.0107422 
0.814453 
0.109375 
0.0869141 
0.204102 
0.986328 
0.0166016 
0.00292969 
0.883789 
0.000976563 
0.855469 
0.990234 
0.00488281 
0.0693359 
0.939453 
0.949219 
0.989258 
0.941406 
0.00976563 
0.859375 
0.0175781 
0.889648 
0.975586 
0.0107422 
0.957031 
0.954102 
0.0195313 
0.0722656 
0.236328 
0.943359 
0.0185547 
0.00488281 
0.943359 
0.00976563 
0.878906 
0.987305 
0.958984 
0.00585938 
0.03125 
0.00390625 
0.889648 
0.0078125 
0.0136719 
0.632813 
0.00488281 
0.0517578 
0.904297 
0.946289 
0.0507813 
0.0556641 
0.966797 
0.849609 
0.765625 
0.895508 
0.969727 
0.186523 
0.950195 
0.924805 
0.109375 
0.211914 
0.0263672 
0.942383 
0.227539 
0.107422 
0.00195313 
0.977539 
0.117188 
0.894531 
0.933594 
0.988281 
0.905273 
0.00683594 
0.00292969 
0.979492 
0.00878906 
0.847656 
0.126953 
0.845703 
0.0634766 
0.177734 
0.831055 
0.0166016 
0.943359 
0.868164 
0.0214844 
0.00585938 
0.141602 
0.941406 
0.875 
0.892578 
0.0224609 
0.891602 
0.762695 
0.785156 
0.00195313 
0.857422 
0.699219 
0.0791016 
0.00488281 
0.0175781 
0.881836 
0.213867 
0.863281 
0.213867 
0.00390625 
0.987305 
0.00195313 
0.986328 
0.935547 
0.00292969 
0.0810547 
0.0644531 
0.881836 
0.00292969 
0.807617 
0.94043 
0.94043 
0.933594 
0.00292969 
0.932617 
0.0771484 
0.932617 
0.015625 
0.216797 
0.847656 
0.00683594 
0.870117 
0.849609 
0.956055 
0.922852 
0.00292969 
0.00195313 
0.0800781 
0.0107422 
0.00878906 
0.947266 
0.00488281 
0.762695 
0.000976563 
0.883789 
0.905273 
0.888672 
0.00292969 
0 
0.841797 
0.876953 
0.851563 
0.00390625 
0.911133 
0.00488281 
0.949219 
0.964844 
0.0214844 
0.0615234 
0.00683594 
0.0458984 
0.0800781 
0.101563 
0.932617 
0.00976563 
0.196289 
0.00976563 
0.981445 
0.944336 
0.015625 
0.886719 
0.00195313 
0.983398 
0.921875 
0.792969 
0.950195 
0.00390625 
0.918945 
0.921875 
0.0361328 
0.0908203 
0.870117 
0.457031 
0.125 
0.00585938 
0.870117 
0.00976563 
0.145508 
0.901367 
0.00878906 
0.863281 
0.951172 
0.00195313 
0.898438 
0.0625 
0.941406 
0.947266 
0.894531 
0.0214844 
0.888672 
0.110352 
0.00390625 
0.973633 
0.963867 
0.0332031 
0.0390625 
0.0361328 
0.0214844 
0.0712891 
0.134766 
0.128906 
0.0429688 
0.904297 
0.0761719 
0.776367 
0.970703 
0.00390625 
0.855469 
0.973633 
0.00976563 
0.0107422 
0.164063 
0.96582 
0.00390625 
0.00488281 
0.0107422 
0.00878906 
0.958984 
0.945313 
0.855469 
0.0175781 
0.94043 
0.979492 
0.980469 
0.936523 
0.891602 
0.888672 
0.982422 
0.824219 
0.94043 
0.0136719 
0.878906 
0.902344 
0.0771484 
0.0146484 
0.733398 
0.00488281 
0.87207 
0.924805 
0.96875 
0.00585938 
0.0625 
0.00195313 
0.0205078 
0.866211 
0.0283203 
0.954102 
0.0585938 
0.114258 
0.925781 
0.925781 
0.922852 
0.911133 
0.00683594 
0.9375 
0.943359 
0.227539 
0.000976563 
0.0361328 
0.00683594 
0.821289 
0.0722656 
0.977539 
0.0214844 
0.0458984 
0.0224609 
0.0078125 
0.942383 
0.746094 
0.239258 
0.0166016 
0.981445 
0.000976563 
0.0859375 
0.953125 
0.112305 
0.942383 
0.961914 
0.181641 
0.00195313 
0.841797 
0.112305 
0.891602 
0.847656 
0.00488281 
0.917969 
0.0517578 
0.814453 
0.114258 
0.0195313 
0.908203 
0.87207 
0.0126953 
0.883789 
0.959961 
0.03125 
0.0146484 
0.907227 
0.954102 
0.916016 
0.879883 
0.0732422 
0.94043 
0.00195313 
0.0224609 
0.614258 
0.110352 
0.172852 
0.978516 
0.0126953 
0.380859 
0.0117188 
0.927734 
0.870117 
0.831055 
0.00195313 
0.0332031 
0.211914 
0.978516 
0.892578 
0.103516 
0.0253906 
0.00195313 
0.0898438 
0.962891 
0.0634766 
0.00390625 
0.958984 
0.841797 
0.888672 
0.950195 
0.836914 
0.736328 
0.962891 
0.00390625 
0.931641 
0.884766 
0.00292969 
0.0244141 
0.864258 
0.960938 
0.0439453 
0.255859 
0.841797 
0.0380859 
0.957031 
0.0136719 
0.932617 
0.888672 
0.0126953 
0.0126953 
0.966797 
0.573242 
0.0205078 
0.884766 
0.109375 
0.969727 
0.425781 
0.938477 
0.948242 
0.861328 
0.904297 
0.00683594 
0.841797 
0.0458984 
0.0449219 
0.114258 
0.875 
0.0175781 
0.955078 
0.0664063 
0.87207 
0.132813 
0.189453 
0.864258 
0.0712891 
0.879883 
0.0546875 
0.0185547 
0.00976563 
0.970703 
0.992188 
0.107422 
0.0380859 
0.961914 
0.00390625 
0.0214844 
0.814453 
0.0292969 
0.0126953 
0.958008 
0.0527344 
0.333984 
0.0761719 
0.879883 
0.959961 
0.941406 
0.0751953 
0.0224609 
0.954102 
0.0341797 
0.00878906 
0.933594 
0.0117188 
0.03125 
0.916992 
0.000976563 
0.00390625 
0.945313 
0.918945 
0.0166016 
0.0517578 
0.851563 
0.00195313 
0.874023 
0.977539 
0.855469 
0 
0.955078 
0.000976563 
0.00585938 
0.584961 
0.0136719 
0.908203 
0.0664063 
0.0527344 
0.00976563 
0.137695 
0.826172 
0.876953 
0.327148 
0.0302734 
0.306641 
0.0419922 
0.0859375 
0.0566406 
0.166016 
0.0126953 
0.0224609 
0.974609 
0.979492 
0.928711 
0.849609 
0.0234375 
0.851563 
0.863281 
0.000976563 
0.922852 
0.0332031 
0.947266 
0.883789 
0.0244141 
0.792969 
0.0166016 
0.967773 
0.861328 
0.0341797 
0.00683594 
0.966797 
0.0546875 
0.961914 
0.0292969 
0.0341797 
0.201172 
0.0595703 
0.191406 
0.955078 
0.0458984 
0.101563 
0.00683594 
0.0644531 
0.0244141 
0.12207 
0.804688 
0.351563 
0.881836 
0.000976563 
0.974609 
0.933594 
0.889648 
0.0517578 
0.0146484 
0.0214844 
0.000976563 
0.863281 
0.0917969 
0.0488281 
0.00488281 
0.0341797 
0.00390625 
0.897461 
0.802734 
0.0175781 
0.227539 
0.685547 
0.0556641 
0.0107422 
0.00585938 
0.015625 
0.00195313 
0.929688 
0.299805 
0.34082 
0.00683594 
0.831055 
0.0107422 
0.878906 
0.936523 
0.892578 
0.960938 
0.0253906 
0.0185547 
0.141602 
0.939453 
0.0175781 
0.863281 
0.955078 
0.922852 
0.274414 
0.947266 
0.0527344 
0.0419922 
0.0195313 
0.866211 
0.945313 
0.0664063 
0.892578 
0.870117 
0.727539 
0.895508 
0.9375 
0.0976563 
0.0146484 
0.015625 
0.916016 
0.00292969 
0.0126953 
0.46875 
0.160156 
0.834961 
0.886719 
0.961914 
0.549805 
0.0761719 
0.878906 
0.0341797 
0.976563 
0.985352 
0.000976563 
0.170898 
0.0175781 
0.155273 
0.128906 
0 
0.00878906 
0.794922 
0.0976563 
0.908203 
0.00488281 
0.290039 
0.00585938 
0.881836 
0.00292969 
0.966797 
0.0810547 
0.0107422 
0.0917969 
0.03125 
0.974609 
0.863281 
0.917969 
0.0136719 
0.921875 
0.0361328 
0.00683594 
0.986328 
0.866211 
0.943359 
0.794922 
0.864258 
0.886719 
0.0234375 
0.0107422 
0.973633 
0.771484 
0.00585938 
0.0908203 
0.977539 
0.0166016 
0.921875 
0.0361328 
0.0078125 
0.015625 
0.0117188 
0.0078125 
0.00976563 
0.948242 
0.979492 
0.967773 
0.0712891 
0.902344 
0.167969 
0.950195 
0.84375 
0.0253906 
0.821289 
0.0117188 
0.00292969 
0.907227 
0.107422 
0.898438 
0.110352 
0.894531 
0.00195313 
0.0263672 
0.00585938 
0.916992 
0.00585938 
0.834961 
0.00976563 
0.0117188 
0.969727 
0.271484 
0.0849609 
0.942383 
0.987305 
0.293945 
0.00585938 
0.647461 
0.0224609 
0.902344 
0.895508 
0.0244141 
0.387695 
0.09375 
0.0214844 
0.967773 
0.855469 
0.0693359 
0.989258 
0.0224609 
0.866211 
0.879883 
0.939453 
0.0361328 
0.951172 
0.916016 
0.0283203 
0.0117188 
0.00488281 
0.870117 
0.986328 
0.8125 
0.923828 
0.978516 
0.966797 
0.0244141 
0.94043 
0.765625 
0.000976563 
0.936523 
0.84375 
0.236328 
0.936523 
0.936523 
0.0107422 
0.967773 
0.124023 
0.25 
0.0146484 
0.0146484 
0.833008 
0.921875 
0.957031 
0.0292969 
0.0224609 
0.0322266 
0.980469 
0.974609 
0.00390625 
0.00488281 
0.958008 
0.932617 
0.00488281 
0.891602 
0.0458984 
0.868164 
0.953125 
0.973633 
0.923828 
0.916016 
0.908203 
0.981445 
0.72168 
0.00195313 
0.00683594 
0.866211 
0.84375 
0.927734 
0.942383 
0.9375 
0.900391 
0.979492 
0.00878906 
0.953125 
0.130859 
0.982422 
0.814453 
0.0273438 
0.0136719 
0.833008 
0.919922 
0.0175781 
0.124023 
0.0117188 
0.00976563 
0.953125 
0.905273 
0.0429688 
0.0244141 
0.957031 
0.000976563 
0.0205078 
0.0429688 
0.892578 
0.969727 
0.901367 
0.0361328 
0.96582 
0.00976563 
0.905273 
0.445313 
0.947266 
0.103516 
0.00292969 
0.0742188 
0.00585938 
0.0136719 
0.00878906 
0.00585938 
0.103516 
0.0742188 
0.00585938 
0.00976563 
0.0175781 
0.958008 
0.912109 
0.227539 
0.947266 
0.0253906 
0.0126953 
0.00585938 
0.9375 
0.00390625 
0.678711 
0.00292969 
0.983398 
0.914063 
0.944336 
0.0175781 
0.0078125 
0.967773 
0.975586 
0.0732422 
0.0507813 
0.926758 
0.923828 
0.0107422 
0.982422 
0.942383 
0.861328 
0 
0.0283203 
0.826172 
0.931641 
0.0361328 
0.0488281 
0.137695 
0.787109 
0.0302734 
0.0146484 
0.857422 
0.0292969 
0.967773 
0.0175781 
0.883789 
0.736328 
0.0498047 
0.787109 
0.859375 
0.0175781 
0.0917969 
0.957031 
0.00878906 
0.950195 
0.5 
0.0449219 
0.0751953 
0.0439453 
0.00878906 
0.943359 
0.046875 
0.959961 
0.206055 
0.0107422 
0.0224609 
0.0605469 
0.00878906 
0.618164 
0.878906 
0.00390625 
0.0214844 
0.895508 
0.888672 
0.151367 
0.0253906 
0.936523 
0.916992 
0.0166016 
0.853516 
0.0136719 
0.950195 
0.0566406 
0.015625 
0.900391 
0.0517578 
0.947266 
0.149414 
0.926758 
0.730469 
0.000976563 
0.03125 
0.958984 
0.00292969 
0.628906 
0.989258 
0.959961 
0.907227 
0.974609 
0.919922 
0.0126953 
0.853516 
0.828125 
0.0136719 
0.938477 
0.00683594 
0.03125 
0.980469 
0.876953 
0.0439453 
0.861328 
0.988281 
0.0634766 
0.0634766 
0.928711 
0.00195313 
0.864258 
0.916016 
0.831055 
0.046875 
0.0107422 
0.00195313 
0.0380859 
0.0185547 
0.115234 
0.00683594 
0.916016 
0.0380859 
0.96582 
0.981445 
0.00585938 
0.80957 
0.733398 
0.00976563 
0.00195313 
0.924805 
0.0283203 
0.863281 
0.96582 
0.0693359 
0.0439453 
0.981445 
0.0136719 
0.917969 
0.727539 
0.922852 
0.224609 
0.961914 
0.0185547 
0.973633 
0.0673828 
0.955078 
0.859375 
0.000976563 
0.952148 
0.972656 
0.841797 
0.00488281 
0.916016 
0.966797 
0.0175781 
0.0126953 
0.939453 
0.727539 
0.0078125 
0.960938 
0.00585938 
0.0605469 
0.958008 
0.00585938 
0.00976563 
0.926758 
0.857422 
0.0341797 
0.0400391 
0.104492 
0.224609 
0.929688 
0.957031 
0.864258 
0.898438 
0.0380859 
0.868164 
0.962891 
0.149414 
0.310547 
0.921875 
0.0458984 
0.876953 
0.0771484 
0.0166016 
0.923828 
0.0322266 
0.0556641 
0.993164 
0.0166016 
0.00585938 
0.950195 
0.935547 
0.0166016 
0.950195 
0.00683594 
0.985352 
0.00195313 
0.847656 
0.0126953 
0.03125 
0.00390625 
0.981445 
0.0126953 
0.97168 
0.912109 
0.849609 
0.0673828 
0.00976563 
0.0117188 
0.841797 
0.0107422 
0.955078 
0.984375 
0.947266 
0.794922 
0.00488281 
0.000976563 
0.939453 
0.0966797 
0.928711 
0.951172 
0.0478516 
0.00683594 
0.973633 
0.0556641 
0.0292969 
0.901367 
0.0205078 
0.0546875 
0.819336 
0.0322266 
0.955078 
0.0302734 
0.875 
0.0214844 
0.90918 
0.991211 
0.736328 
0.00488281 
0.0478516 
0.884766 
0.888672 
0.0117188 
0.0361328 
0.947266 
0.953125 
0.100586 
0.785156 
0.950195 
0.857422 
0.828125 
0.149414 
0.000976563 
0.0478516 
0.916992 
0.90918 
0.00976563 
0.900391 
0.00292969 
0.834961 
0.0341797 
0.0878906 
0.969727 
0.00292969 
0.863281 
0.96582 
0.974609 
0.0195313 
0.0878906 
0.00292969 
0.577148 
0.851563 
0 
0.0214844 
0.0263672 
0.819336 
0.194336 
0.581055 
0.941406 
0.0654297 
0.935547 
0.0205078 
0.000976563 
0.015625 
0.918945 
0.90918 
0.00585938 
0.0371094 
0.921875 
0.000976563 
0.992188 
0.904297 
0.987305 
0.015625 
0.834961 
0.287109 
0.00878906 
0.00390625 
0.00195313 
0.00292969 
0.977539 
0.0146484 
0.0380859 
0.0166016 
0.847656 
0.0341797 
0.00195313 
0.96582 
0.989258 
0.0322266 
0.932617 
0.000976563 
0.975586 
0.588867 
0.310547 
0.0292969 
0.84375 
0.0078125 
0.00585938 
0.956055 
0.969727 
0.958984 
0.0185547 
0.912109 
0.00976563 
0.870117 
0.855469 
0.817383 
0.94043 
0.0302734 
0.975586 
0.584961 
0.799805 
0.941406 
0.15332 
0.00683594 
0.271484 
0.194336 
0.897461 
0.950195 
0.847656 
0.506836 
0.950195 
0.955078 
0.0458984 
0.961914 
0.954102 
0.0322266 
0.985352 
0.0166016 
0.0859375 
0.145508 
0.0917969 
0.881836 
0.0478516 
0.982422 
0.000976563 
0.0507813 
0.914063 
0.449219 
0.919922 
0.931641 
0.958984 
0.0830078 
0.912109 
0.126953 
0.97168 
0.853516 
0.892578 
0.973633 
0.141602 
0.953125 
0.124023 
0.889648 
0.170898 
0.00292969 
0.922852 
0.0585938 
0.00683594 
0.0693359 
0.0576172 
0.0146484 
0.0283203 
0.0517578 
0.0419922 
0.931641 
0.87207 
0.841797 
0.936523 
0.953125 
0.886719 
0.162109 
0.0820313 
0.894531 
0.952148 
0.72168 
0.870117 
0.972656 
0.958984 
0.892578 
0.939453 
0.0195313 
0.557617 
0.0458984 
0.00488281 
0.0107422 
0.952148 
0.952148 
0.785156 
0.0166016 
0.833008 
0.958984 
0.949219 
0.00292969 
0.110352 
0.227539 
0.912109 
0.939453 
0.962891 
0.958984 
0.00292969 
0.923828 
0.945313 
0.0976563 
0.9375 
0.0390625 
0.00683594 
0.0751953 
0.0273438 
0.0498047 
0.00195313 
0.907227 
0.0175781 
0.0371094 
0.0078125 
0.00390625 
0.0761719 
0.904297 
0.787109 
0.00292969 
0.952148 
0.0332031 
0.0117188 
0.978516 
0.00878906 
0.0507813 
0.00390625 
0.861328 
0.969727 
0.0673828 
0.746094 
0.966797 
0.942383 
0.708984 
0.125 
0.759766 
0.0146484 
0.445313 
0.00585938 
0.875 
0.00878906 
0.956055 
0.0214844 
0.506836 
0.985352 
0.0273438 
0.949219 
0.306641 
0.0664063 
0.00585938 
0.938477 
0.947266 
0.00195313 
0.373047 
0.00585938 
0.145508 
0.445313 
0.0332031 
0.894531 
0.0429688 
0.84375 
0.958008 
0.986328 
0.974609 
0.0107422 
0.00195313 
0.00195313 
0.000976563 
0.975586 
0.0566406 
0.976563 
0.926758 
0.407227 
0.00390625 
0.0585938 
0.0488281 
0.912109 
0.046875 
0.953125 
0.0605469 
0.779297 
0.233398 
0.969727 
0.957031 
0.964844 
0.955078 
0.912109 
0.847656 
0.172852 
0.03125 
0.00878906 
0.0703125 
0.876953 
0.948242 
0.0185547 
0.889648 
0.0283203 
0.00878906 
0.0205078 
0.874023 
0.00292969 
0.776367 
0.897461 
0.0078125 
0.00585938 
0.160156 
0.0292969 
0.853516 
0.0146484 
0.907227 
0.942383 
0.916992 
0.0458984 
0.807617 
0.947266 
0.883789 
0.0117188 
0.96582 
0.947266 
0.958984 
0.975586 
0.103516 
0.96875 
0.110352 
0.484375 
0.0234375 
0.00488281 
0.851563 
0.945313 
0.380859 
0.918945 
0.0146484 
0.00488281 
0.907227 
0.0166016 
0.907227 
0.0107422 
0.874023 
0.476563 
0.00976563 
0.00976563 
0.96875 
0.00683594 
0.0234375 
0.0224609 
0.0693359 
0.0283203 
0.838867 
0.950195 
0.879883 
0.916016 
0.981445 
0.0234375 
0.0253906 
0.0859375 
0.699219 
0.216797 
0.0078125 
0.0175781 
0.981445 
0.97168 
0.00976563 
0.922852 
0.945313 
0.0253906 
0.0566406 
0.337891 
0.0244141 
0.985352 
0.577148 
0.916016 
0.0166016 
0.0224609 
0.954102 
0.977539 
0.0341797 
0.00488281 
0.97168 
0.927734 
0.0556641 
0.0351563 
0.0078125 
0.960938 
0.00683594 
0.137695 
0.00683594 
0.18457 
0.841797 
0.0126953 
0.449219 
0.951172 
0 
0.0322266 
0.0078125 
0.661133 
0.924805 
0.34082 
0.831055 
0.923828 
0.866211 
0.797852 
0.0224609 
0.879883 
0.987305 
0.00585938 
0.958008 
0.819336 
0.878906 
0.00390625 
0.891602 
0.0263672 
0.0605469 
0.0712891 
0.299805 
0.09375 
0.876953 
0.101563 
0.879883 
0.948242 
0.931641 
0.0800781 
0.00488281 
0.112305 
0.902344 
0.0488281 
0.0224609 
0.87207 
0.000976563 
0.00488281 
0.0224609 
0.0292969 
0.259766 
0.0585938 
0.0576172 
0.918945 
0.883789 
0.0302734 
0.0292969 
0.00585938 
0.0644531 
0.838867 
0.0126953 
0.96582 
0.956055 
0.874023 
0.0556641 
0.888672 
0.891602 
0.00585938 
0.110352 
0.227539 
0.0205078 
0.00585938 
0.160156 
0.0429688 
0.916992 
0.00390625 
0.0224609 
0.845703 
0.953125 
0.000976563 
0.0859375 
0.0400391 
0.918945 
0.268555 
0.206055 
0.0253906 
0 
0.12207 
0.0458984 
0.878906 
0.0205078 
0.00878906 
0.828125 
0.189453 
0.4375 
0.0400391 
0.00878906 
0.0644531 
0.0107422 
0.973633 
0.888672 
0.966797 
0.861328 
0.907227 
0.522461 
0.952148 
0.0126953 
0.00390625 
0.03125 
0.924805 
0.895508 
0.00390625 
0.943359 
0.0908203 
0.884766 
0.895508 
0.953125 
0.919922 
0.00195313 
0.125 
0.942383 
0.897461 
0.964844 
0.0683594 
0.0644531 
0.836914 
0.194336 
0.0556641 
0.00585938 
0.960938 
0.956055 
0.0185547 
0.857422 
0.90918 
0.0371094 
0.864258 
0.907227 
0.189453 
0.0703125 
0.881836 
0.931641 
0.874023 
0.94043 
0.938477 
0.797852 
0.966797 
0.932617 
0.0654297 
0.0078125 
0.0478516 
0.0292969 
0.802734 
0.00195313 
0.861328 
0.964844 
0.876953 
0.00195313 
0.977539 
0.919922 
0.268555 
0.861328 
0.863281 
0.942383 
0.943359 
0.222656 
0.0761719 
0.0419922 
0.00878906 
0.0146484 
0.0078125 
0.953125 
0.00878906 
0.00976563 
0.0078125 
0.941406 
0.00195313 
0.884766 
0.0966797 
0.841797 
0.0253906 
0.545898 
0.0292969 
0.944336 
0.930664 
0.0488281 
0.0732422 
0.96875 
0.00292969 
0.916992 
0.895508 
0.00292969 
0.00195313 
0.00976563 
0.912109 
0.821289 
0.857422 
0.886719 
0.932617 
0.015625 
0.0136719 
0.671875 
0.678711 
0.953125 
0.911133 
0.0527344 
0.957031 
0.0751953 
0.00976563 
0.0605469 
0.919922 
0.0107422 
0.0771484 
0.891602 
